<?xml version="1.0" encoding="UTF-8"?>
<!-- Generated by org.testng.reporters.JUnitReportReporter -->
<testsuite hostname="DESKTOP-S8J8GPP" name="com.Greenkart.qa.tests.HomePageTest" tests="4" failures="0" timestamp="17 Apr 2020 16:26:23 GMT" time="69.898" errors="0">
  <testcase name="logoValidate" time="19.099" classname="com.Greenkart.qa.tests.HomePageTest"/>
  <testcase name="addToCartProduct" time="18.960" classname="com.Greenkart.qa.tests.HomePageTest"/>
  <testcase name="add_Multipli_Vegitable_TO_Cart" time="18.950" classname="com.Greenkart.qa.tests.HomePageTest"/>
  <testcase name="search_vegitable" time="12.889" classname="com.Greenkart.qa.tests.HomePageTest"/>
</testsuite> <!-- com.Greenkart.qa.tests.HomePageTest -->
